<?xml version="1.0" encoding="UTF-8"?>
<testng-results ignored="0" total="1" passed="1" failed="0" skipped="0">
  <reporter-output>
  </reporter-output>
  <suite started-at="2024-02-22T16:27:54 IST" name="Default suite" finished-at="2024-02-22T16:28:15 IST" duration-ms="20936">
    <groups>
    </groups>
    <test started-at="2024-02-22T16:27:54 IST" name="Default test" finished-at="2024-02-22T16:28:15 IST" duration-ms="20936">
      <class name="assertion">
        <test-method signature="test()[pri:0, instance:assertion@82de64a]" started-at="2024-02-22T16:27:54 IST" name="test" finished-at="2024-02-22T16:28:15 IST" duration-ms="20837" status="PASS">
          <reporter-output>
          </reporter-output>
        </test-method> <!-- test -->
      </class> <!-- assertion -->
    </test> <!-- Default test -->
  </suite> <!-- Default suite -->
</testng-results>
